<?xml version="1.0" encoding="UTF-8"?>
<!-- Generated by org.testng.reporters.JUnitXMLReporter -->
<testsuite ignored="0" hostname="DESKTOP-TSTHOCD" failures="0" tests="2" name="End to end Framework Test" time="66.658" errors="0" timestamp="2024-12-07T10:09:07 IST">
  <testcase classname="org.harshpathakacp.eCommerce_tc_4_Hybrid" name="@BeforeMethod preSetup" time="1.586">
    <failure type="org.openqa.selenium.WebDriverException" message="An unknown server-side error occurred while processing the command. Original error: Error executing adbExec. Original error: &amp;apos;Command &amp;apos;C:\\Users\\HP\\AppData\\Local\\Android\\Sdk\\platform-tools\\adb.exe -P 5037 -s emulator-5554 shell am start-activity com.androidsample.generalstore/com.androidsample.generalstore.MainActivity&amp;apos; exited with code 255&amp;apos;; Command output: 
Exception occurred while executing &amp;apos;start-activity&amp;apos;:
java.lang.SecurityException: Permission Denial: starting Intent { act=android.intent.action.MAIN cat=[android.intent.category.LAUNCHER] flg=0x10000000 cmp=com.androidsample.generalstore/.MainActivity } from null (pid=15208, uid=2000) not exported from uid 10196
	at com.android.server.wm.ActivityTaskSupervisor.checkStartAnyActivityPermission(ActivityTaskSupervisor.java:1136)
	at com.android.server.wm.ActivityStarter.executeRequest(ActivityStarter.java:1069)
	at com.android.server.wm.ActivityStarter.execute(ActivityStarter.java:742)
	at com.android.server.wm.ActivityTaskManagerService.startActivityAsUser(ActivityTaskManagerService.java:1288)
	at com.android.server.wm.ActivityTaskManagerService.startActivityAsUser(ActivityTaskManagerService.java:1239)
	at com.android.server.am.ActivityManagerService.startActivityAsUserWithFeature(ActivityManagerService.java:3248)
	at com.android.server.am.ActivityManagerShellCommand.runStartActivity(ActivityManagerShellCommand.java:724)
	at com.android.server.am.ActivityManagerShellCommand.onCommand(ActivityManagerShellCommand.java:233)
	at com.android.modules.utils.BasicShellCommandHandler.exec(BasicShellCommandHandler.java:97)
	at android.os.ShellCommand.exec(ShellCommand.java:38)
	at com.android.server.am.ActivityManagerService.onShellCommand(ActivityManagerService.java:9697)
	at android.os.Binder.shellCommand(Binder.java:1068)
	at android.os.Binder.onTransact(Binder.java:888)
	at android.app.IActivityManager$Stub.onTransact(IActivityManager.java:5267)
	at com.android.server.am.ActivityManagerService.onTransact(ActivityManagerService.java:2720)
	at android.os.Binder.execTransactInternal(Binder.java:1344)
	at android.os.Binder.execTransact(Binder.java:1275)

Build info: version: &amp;apos;4.27.0&amp;apos;, revision: &amp;apos;d6e718d134&amp;apos;
System info: os.name: &amp;apos;Windows 10&amp;apos;, os.arch: &amp;apos;amd64&amp;apos;, os.version: &amp;apos;10.0&amp;apos;, java.version: &amp;apos;23&amp;apos;
Driver info: io.appium.java_client.android.AndroidDriver
Command: [3c607208-bdb5-4baa-9856-81ed4f3c4f90, executeScript {args=[{intent=com.androidsample.generalstore/com.androidsample.generalstore.MainActivity}], script=mobile: startActivity}]
Capabilities {appium:app: C:\Users\HP\eclipse-workspa..., appium:appPackage: com.androidsample.generalstore, appium:automationName: UIAutomator2, appium:chromedriverExecutable: C:\Users\HP\eclipse-workspa..., appium:databaseEnabled: false, appium:desired: {app: C:\Users\HP\eclipse-workspa..., automationName: UIAutomator2, chromedriverExecutable: C:\Users\HP\eclipse-workspa..., deviceName: Pixel_3a_API_34_extension_l..., platformName: ANDROID}, appium:deviceApiLevel: 34, appium:deviceManufacturer: Google, appium:deviceModel: sdk_gphone64_x86_64, appium:deviceName: emulator-5554, appium:deviceScreenDensity: 440, appium:deviceScreenSize: 1080x2220, appium:deviceUDID: emulator-5554, appium:javascriptEnabled: true, appium:locationContextEnabled: false, appium:networkConnectionEnabled: true, appium:pixelRatio: 2.75, appium:platformVersion: 14, appium:statBarHeight: 66, appium:takesScreenshot: true, appium:viewportRect: {height: 2154, left: 0, top: 66, width: 1080}, appium:warnings: {}, appium:webStorageEnabled: false, platformName: ANDROID}
Session ID: 3c607208-bdb5-4baa-9856-81ed4f3c4f90">
      <![CDATA[org.openqa.selenium.WebDriverException: An unknown server-side error occurred while processing the command. Original error: Error executing adbExec. Original error: 'Command 'C:\\Users\\HP\\AppData\\Local\\Android\\Sdk\\platform-tools\\adb.exe -P 5037 -s emulator-5554 shell am start-activity com.androidsample.generalstore/com.androidsample.generalstore.MainActivity' exited with code 255'; Command output: 
Exception occurred while executing 'start-activity':
java.lang.SecurityException: Permission Denial: starting Intent { act=android.intent.action.MAIN cat=[android.intent.category.LAUNCHER] flg=0x10000000 cmp=com.androidsample.generalstore/.MainActivity } from null (pid=15208, uid=2000) not exported from uid 10196
at com.android.server.wm.ActivityTaskSupervisor.checkStartAnyActivityPermission(ActivityTaskSupervisor.java:1136)
at com.android.server.wm.ActivityStarter.executeRequest(ActivityStarter.java:1069)
at com.android.server.wm.ActivityStarter.execute(ActivityStarter.java:742)
at com.android.server.wm.ActivityTaskManagerService.startActivityAsUser(ActivityTaskManagerService.java:1288)
at com.android.server.wm.ActivityTaskManagerService.startActivityAsUser(ActivityTaskManagerService.java:1239)
at com.android.server.am.ActivityManagerService.startActivityAsUserWithFeature(ActivityManagerService.java:3248)
at com.android.server.am.ActivityManagerShellCommand.runStartActivity(ActivityManagerShellCommand.java:724)
at com.android.server.am.ActivityManagerShellCommand.onCommand(ActivityManagerShellCommand.java:233)
at com.android.modules.utils.BasicShellCommandHandler.exec(BasicShellCommandHandler.java:97)
at android.os.ShellCommand.exec(ShellCommand.java:38)
at com.android.server.am.ActivityManagerService.onShellCommand(ActivityManagerService.java:9697)
at android.os.Binder.shellCommand(Binder.java:1068)
at android.os.Binder.onTransact(Binder.java:888)
at android.app.IActivityManager$Stub.onTransact(IActivityManager.java:5267)
at com.android.server.am.ActivityManagerService.onTransact(ActivityManagerService.java:2720)
at android.os.Binder.execTransactInternal(Binder.java:1344)
at android.os.Binder.execTransact(Binder.java:1275)

Build info: version: '4.27.0', revision: 'd6e718d134'
System info: os.name: 'Windows 10', os.arch: 'amd64', os.version: '10.0', java.version: '23'
Driver info: io.appium.java_client.android.AndroidDriver
Command: [3c607208-bdb5-4baa-9856-81ed4f3c4f90, executeScript {args=[{intent=com.androidsample.generalstore/com.androidsample.generalstore.MainActivity}], script=mobile: startActivity}]
Capabilities {appium:app: C:\Users\HP\eclipse-workspa..., appium:appPackage: com.androidsample.generalstore, appium:automationName: UIAutomator2, appium:chromedriverExecutable: C:\Users\HP\eclipse-workspa..., appium:databaseEnabled: false, appium:desired: {app: C:\Users\HP\eclipse-workspa..., automationName: UIAutomator2, chromedriverExecutable: C:\Users\HP\eclipse-workspa..., deviceName: Pixel_3a_API_34_extension_l..., platformName: ANDROID}, appium:deviceApiLevel: 34, appium:deviceManufacturer: Google, appium:deviceModel: sdk_gphone64_x86_64, appium:deviceName: emulator-5554, appium:deviceScreenDensity: 440, appium:deviceScreenSize: 1080x2220, appium:deviceUDID: emulator-5554, appium:javascriptEnabled: true, appium:locationContextEnabled: false, appium:networkConnectionEnabled: true, appium:pixelRatio: 2.75, appium:platformVersion: 14, appium:statBarHeight: 66, appium:takesScreenshot: true, appium:viewportRect: {height: 2154, left: 0, top: 66, width: 1080}, appium:warnings: {}, appium:webStorageEnabled: false, platformName: ANDROID}
Session ID: 3c607208-bdb5-4baa-9856-81ed4f3c4f90
at org.openqa.selenium.remote.ErrorCodec.decode(ErrorCodec.java:167)
at org.openqa.selenium.remote.codec.w3c.W3CHttpResponseCodec.decode(W3CHttpResponseCodec.java:138)
at org.openqa.selenium.remote.codec.w3c.W3CHttpResponseCodec.decode(W3CHttpResponseCodec.java:50)
at org.openqa.selenium.remote.HttpCommandExecutor.execute(HttpCommandExecutor.java:190)
at io.appium.java_client.remote.AppiumCommandExecutor.execute(AppiumCommandExecutor.java:237)
at org.openqa.selenium.remote.RemoteWebDriver.execute(RemoteWebDriver.java:545)
at org.openqa.selenium.remote.RemoteWebDriver.executeScript(RemoteWebDriver.java:476)
at org.harshpathakacp.pageObjects.android.FormPage.setActivity(FormPage.java:79)
at org.harshpathakacp.eCommerce_tc_4_Hybrid.preSetup(eCommerce_tc_4_Hybrid.java:45)
at java.base/java.util.ArrayList.forEach(ArrayList.java:1597)
... Removed 32 stack frames]]>
    </failure>
  </testcase> <!-- @BeforeMethod preSetup -->
  <testcase classname="org.harshpathakacp.eCommerce_tc_4_Hybrid" name="@BeforeMethod preSetup" time="0.0">
    <skipped/>
  </testcase> <!-- @BeforeMethod preSetup -->
  <testcase classname="org.harshpathakacp.TestUtils.BaseTest" name="@AfterClass TearDown" time="0.0">
    <skipped/>
  </testcase> <!-- @AfterClass TearDown -->
  <testcase classname="org.harshpathakacp.eCommerce_tc_4_Hybrid" name="FillForm" time="0.0">
    <skipped/>
  </testcase> <!-- FillForm -->
  <testcase classname="org.harshpathakacp.eCommerce_tc_4_Hybrid" name="FillForm" time="0.0">
    <skipped/>
  </testcase> <!-- FillForm -->
</testsuite> <!-- End to end Framework Test -->
