<?xml version="1.0" encoding="UTF-8"?>
<!-- Generated by org.testng.reporters.JUnitXMLReporter -->
<testsuite ignored="0" hostname="DESKTOP-TSTHOCD" failures="0" tests="2" name="Error Validations Test" time="40.952" errors="0" timestamp="2024-12-07T10:09:49 IST">
  <testcase classname="org.harshpathakacp.eCommerce_tc_1" name="FillForm_ErrorValidation" time="0.0">
    <skipped/>
  </testcase> <!-- FillForm_ErrorValidation -->
  <testcase classname="org.harshpathakacp.eCommerce_tc_1" name="FillForm_PositiveFlow" time="0.0">
    <skipped/>
  </testcase> <!-- FillForm_PositiveFlow -->
</testsuite> <!-- Error Validations Test -->
